Mono path[0] = 'C:/Program Files (x86)/Steam/steamapps/common/RimWorld/RimWorldWin64_Data/Managed'
Mono config path = 'C:/Program Files (x86)/Steam/steamapps/common/RimWorld/MonoBleedingEdge/etc'
Initialize engine version: 2019.4.30f1 (e8c891080a1f)
[Subsystems] Discovering subsystems at path C:/Program Files (x86)/Steam/steamapps/common/RimWorld/RimWorldWin64_Data/UnitySubsystems
GfxDevice: creating device client; threaded=1
Direct3D:
    Version:  Direct3D 11.0 [level 11.1]
    Renderer: Intel(R) UHD Graphics (ID=0x9a78)
    Vendor:   
    VRAM:     3941 MB
    Driver:   31.0.101.5590
Begin MonoManager ReloadAssembly
- Completed reload, in  0.304 seconds
<RI> Initializing input.
<RI> Input initialized.
<RI> Initialized touch support.
UnloadTime: 1.787200 ms
RimWorld 1.5.4409 rev1120
XML format error: List item found with name that is not <li>, and which does not have a custom XML loader method, in <modDependencies><v1.5><li><packageId>Ludeon.RimWorld.Biotech</packageId><displayName>Biotech</displayName><steamWorkshopUrl>https://store.steampowered.com/app/1826140/RimWorld__Biotech/</steamWorkshopUrl></li><li><packageId>brrainz.harmony</packageId><displayName>Harmony</displayName><steamWorkshopUrl>https://steamcommunity.com/sharedfiles/filedetails/?id=2009463077</steamWorkshopUrl><downloadUrl>https://github.com/pardeike/HarmonyRimWorld/releases/latest</downloadUrl></li></v1.5></modDependencies> 
(Filename: C:\buildslave\unity\build\Runtime/Export/Debug/Debug.bindings.h Line: 39)

XML format error: List item found with name that is not <li>, and which does not have a custom XML loader method, in <loadAfter><v1.5><li>Ludeon.RimWorld</li><li>Ludeon.RimWorld.Ideology</li><li>Ludeon.RimWorld.Royalty</li><li>Ludeon.RimWorld.Biotech</li></v1.5></loadAfter> 
(Filename: C:\buildslave\unity\build\Runtime/Export/Debug/Debug.bindings.h Line: 39)

Mod VTE - Reasonable Bank Fees dependency (VanillaExpanded.VanillaTradingExpanded) needs to have <downloadUrl> and/or <steamWorkshopUrl> specified. 
(Filename: C:\buildslave\unity\build\Runtime/Export/Debug/Debug.bindings.h Line: 39)

XML format error: List item found with name that is not <li>, and which does not have a custom XML loader method, in <modDependencies><v1.5><li><packageId>Ludeon.RimWorld.Biotech</packageId><displayName>Biotech</displayName><steamWorkshopUrl>https://store.steampowered.com/app/1826140/RimWorld__Biotech/</steamWorkshopUrl></li><li><packageId>brrainz.harmony</packageId><displayName>Harmony</displayName><steamWorkshopUrl>https://steamcommunity.com/sharedfiles/filedetails/?id=2009463077</steamWorkshopUrl><downloadUrl>https://github.com/pardeike/HarmonyRimWorld/releases/latest</downloadUrl></li></v1.5></modDependencies> 
(Filename: C:\buildslave\unity\build\Runtime/Export/Debug/Debug.bindings.h Line: 39)

XML format error: List item found with name that is not <li>, and which does not have a custom XML loader method, in <loadAfter><v1.5><li>Ludeon.RimWorld</li><li>Ludeon.RimWorld.Ideology</li><li>Ludeon.RimWorld.Royalty</li><li>Ludeon.RimWorld.Biotech</li></v1.5></loadAfter> 
(Filename: C:\buildslave\unity\build\Runtime/Export/Debug/Debug.bindings.h Line: 39)

Fallback handler could not load library C:/Program Files (x86)/Steam/steamapps/common/RimWorld/RimWorldWin64_Data/Mono/data-000002BAE2E4A5C0.dll
Fallback handler could not load library C:/Program Files (x86)/Steam/steamapps/common/RimWorld/RimWorldWin64_Data/Mono/data-000002BB0CD330E0.dll
Error while instantiating a mod of type ZombieBlight.BlightMod: System.Reflection.TargetInvocationException: Exception has been thrown by the target of an invocation. ---> HarmonyLib.HarmonyException: Patching exception in method null ---> System.ArgumentException: Undefined target method for patch method static System.Void ZombieBlight.Patch_ZombieRotDrawMode::Postfix(Verse.PawnRenderer __instance, Verse.Pawn ___pawn, Verse.RotDrawMode& __result)
[Ref 863C5FC]
 at HarmonyLib.PatchClassProcessor.PatchWithAttributes (System.Reflection.MethodBase& lastOriginal, System.Boolean unpatch) [0x00047] in <abec11463bc04855a5322a0a868aeb22>:0 
 at HarmonyLib.PatchClassProcessor.Patch () [0x0006e] in <abec11463bc04855a5322a0a868aeb22>:0 
   --- End of inner exception stack trace ---
[Ref 7641D09C]
 at HarmonyLib.PatchClassProcessor.ReportException (System.Exception exception, System.Reflection.MethodBase original) [0x00154] in <abec11463bc04855a5322a0a868aeb22>:0 
 at HarmonyLib.PatchClassProcessor.Patch () [0x000a0] in <abec11463bc04855a5322a0a868aeb22>:0 
 at HarmonyLib.Harmony.<PatchAll>b__10_0 (System.Type type) [0x00007] in <abec11463bc04855a5322a0a868aeb22>:0 
 at HarmonyLib.CollectionExtensions.Do[T] (System.Collections.Generic.IEnumerable`1[T] sequence, System.Action`1[T] action) [0x00014] in <abec11463bc04855a5322a0a868aeb22>:0 
 at HarmonyLib.Harmony.PatchAll (System.Reflection.Assembly assembly) [0x00006] in <abec11463bc04855a5322a0a868aeb22>:0 
 at HarmonyLib.Harmony.PatchAll () [0x0001d] in <abec11463bc04855a5322a0a868aeb22>:0 
 at <0x2bb0e9f8ed0 + 0x000ba> <unknown method>
 at (wrapper managed-to-native) System.Reflection.MonoCMethod.InternalInvoke(System.Reflection.MonoCMethod,object,object[],System.Exception&)
 at System.Reflection.MonoCMethod.InternalInvoke (System.Object obj, System.Object[] parameters) [0x00002] in <eae584ce26bc40229c1b1aa476bfa589>:0 
   --- End of inner exception stack trace ---
[Ref F700230C]
 at System.Reflection.MonoCMethod.InternalInvoke (System.Object obj, System.Object[] parameters) [0x00014] in <eae584ce26bc40229c1b1aa476bfa589>:0 
 at System.Reflection.MonoCMethod.DoInvoke (System.Object obj, System.Reflection.BindingFlags invokeAttr, System.Reflection.Binder binder, System.Object[] parameters, System.Globalization.CultureInfo culture) [0x0007a] in <eae584ce26bc40229c1b1aa476bfa589>:0 
 at System.Reflection.MonoCMethod.Invoke (System.Reflection.BindingFlags invokeAttr, System.Reflection.Binder binder, System.Object[] parameters, System.Globalization.CultureInfo culture) [0x00000] in <eae584ce26bc40229c1b1aa476bfa589>:0 
 at System.RuntimeType.CreateInstanceImpl (System.Reflection.BindingFlags bindingAttr, System.Reflection.Binder binder, System.Object[] args, System.Globalization.CultureInfo culture, System.Object[] activationAttributes, System.Threading.StackCrawlMark& stackMark) [0x00213] in <eae584ce26bc40229c1b1aa476bfa589>:0 
 at System.Activator.CreateInstance (System.Type type, System.Reflection.BindingFlags bindingAttr, System.Reflection.Binder binder, System.Object[] args, System.Globalization.CultureInfo culture, System.Object[] activationAttributes) [0x00095] in <eae584ce26bc40229c1b1aa476bfa589>:0 
 at System.Activator.CreateInstance (System.Type type, System.Object[] args) [0x00000] in <eae584ce26bc40229c1b1aa476bfa589>:0 
 at Verse.LoadedModManager.CreateModClasses () [0x00076] in <630e2863bc9a4a3493f2eff01e3a9556>:0  
(Filename: C:\buildslave\unity\build\Runtime/Export/Debug/Debug.bindings.h Line: 39)

XML error: Could not find parent node named "BaseProjectile" for node "ThingDef". Full node: <ThingDef ParentName="BaseProjectile"><defName>Projectile_BlightGas</defName><label>blight gas cloud</label><projectile><damageDef>BlightGasExposure</damageDef><explosionRadius>4.5</explosionRadius><explosionEffect>Gas_BlightInfectionEffect</explosionEffect><preExplosionSpawnThingDef>Gas_BlightInfection</preExplosionSpawnThingDef><preExplosionSpawnChance>1.0</preExplosionSpawnChance><preExplosionSpawnThingCount>1</preExplosionSpawnThingCount></projectile><graphicData><texPath>Things/Projectile/BlightGas</texPath><graphicClass>Graphic_Single</graphicClass></graphicData><soundImpactDefault>Explosion_Gas</soundImpactDefault></ThingDef> 
(Filename: C:\buildslave\unity\build\Runtime/Export/Debug/Debug.bindings.h Line: 39)

XML error: Could not find parent node named "BaseGrenade" for node "ThingDef". Full node: <ThingDef ParentName="BaseGrenade"><defName>Item_BlightGasGrenade</defName><label>blight gas grenade</label><description>A crude grenade filled with blight-infected gas. Explodes on impact, releasing a cloud that infects all living creatures in the area.</description><graphicData><texPath>Things/Item/Equipment/BlightGasGrenade</texPath><graphicClass>Graphic_Single</graphicClass></graphicData><thingCategories><li>Grenades</li></thingCategories><statBases><Mass>0.4</Mass><MarketValue>70</MarketValue><ArmorPenetrationBlunt>0.12</ArmorPenetrationBlunt><Damage>10</Damage></statBases><verbs><li><verbClass>Verb_LaunchProjectile</verbClass><defaultProjectile>Projectile_BlightGas</defaultProjectile><warmupTime>1.2</warmupTime><range>15.9</range><soundCast>Interact_Throw</soundCast></li></verbs><tradeTags><li>Exotic</li></tradeTags><thingSetMakerTags><li>RewardStandardQuality</li></thingSetMakerTags><comps><li Class="CompProperties_Forbiddable" /></comps></ThingDef> 
(Filename: C:\buildslave\unity\build\Runtime/Export/Debug/Debug.bindings.h Line: 39)

XML error: Could not find parent node named "GasCloudBase" for node "ThingDef". Full node: <ThingDef ParentName="GasCloudBase"><defName>Gas_BlightInfection</defName><label>blight infection cloud</label><description>A thick cloud of blight-infected gas that causes infection in living creatures.</description><comps><li Class="CompProperties_Gas"><gas>BlightInfection</gas><durationTicks>1200</durationTicks></li></comps></ThingDef> 
(Filename: C:\buildslave\unity\build\Runtime/Export/Debug/Debug.bindings.h Line: 39)

XML error: Could not find parent node named "BaseProjectile" for node "ThingDef". Full node: <ThingDef ParentName="BaseProjectile"><defName>Projectile_BlightMortarShell</defName><label>blight gas shell</label><description>A mortar shell filled with blight-infected gas. Explodes on impact, releasing a large cloud that infects all living creatures in the area.</description><graphicData><texPath>Things/Projectile/MortarShell_Blight</texPath><graphicClass>Graphic_Single</graphicClass></graphicData><projectile><speed>30</speed><damageAmountBase>25</damageAmountBase><explosionRadius>5.9</explosionRadius><explosionDelay>0</explosionDelay><expectedCover>0.3</expectedCover><flyOverhead>true</flyOverhead><ai_IsIncendiary>false</ai_IsIncendiary></projectile><comps><li Class="CompProperties_Explosive"><explosiveRadius>5.9</explosiveRadius><explosiveExpandPerStackcount>0.7</explosiveExpandPerStackcount><explosionDamage>25</explosionDamage><explosionDamageDef>Bomb</explosionDamageDef><startWickOnDamageChance>1</startWickOnDamageChance><wickStarts>0.1</wickStarts><wickTime>1.5</wickTime><preExplosionSpawnThingDef>Gas_BlightInfection</preExplosionSpawnThingDef><postExplosionSpawnThingDef>Gas_BlightInfection</postExplosionSpawnThingDef><explosionSpawnChance>1</explosionSpawnChance></li></comps></ThingDef> 
(Filename: C:\buildslave\unity\build\Runtime/Export/Debug/Debug.bindings.h Line: 39)

XML error: Could not find parent node named "BaseShell" for node "ThingDef". Full node: <ThingDef ParentName="BaseShell"><defName>Shell_BlightArtillery</defName><label>blight artillery shell</label><description>A heavy artillery shell filled with blight-infected gas. Causes massive infection clouds upon explosion.</description><graphicData><texPath>Things/Item/Shell/BlightArtilleryShell</texPath><graphicClass>Graphic_Single</graphicClass></graphicData><thingClass>AmmoThing</thingClass><thingCategories><li>Shells</li></thingCategories><statBases><Mass>8</Mass><MarketValue>180</MarketValue><StackLimit>10</StackLimit></statBases><comps><li Class="CompProperties_AmmoUser"><ammoDef>Shell_BlightArtillery</ammoDef></li><li Class="CompProperties_Explosive"><explosiveRadius>8</explosiveRadius><explosionDamage>40</explosionDamage><explosionDamageDef>Bomb</explosionDamageDef><startWickOnDamageChance>0.5</startWickOnDamageChance><preExplosionSpawnThingDef>Gas_BlightInfection</preExplosionSpawnThingDef><postExplosionSpawnThingDef>Gas_BlightInfection</postExplosionSpawnThingDef><explosionSpawnChance>1</explosionSpawnChance><explosionSpawnCount>3</explosionSpawnCount></li></comps></ThingDef> 
(Filename: C:\buildslave\unity\build\Runtime/Export/Debug/Debug.bindings.h Line: 39)

XML error: Could not find parent node named "TrapBase" for node "ThingDef". Full node: <ThingDef ParentName="TrapBase"><defName>BlightTrap</defName><label>blight trap</label><description>A crude trap that releases blight-infected gas when triggered. Can be constructed from blight gas shells.</description><graphicData><texPath>Things/Building/Trap/BlightTrap</texPath><graphicClass>Graphic_Single</graphicClass></graphicData><statBases><WorkToBuild>800</WorkToBuild><MaxHitPoints>100</MaxHitPoints><Flammability>0.5</Flammability><MarketValue>120</MarketValue></statBases><comps><li Class="CompProperties_Explosive"><explosiveRadius>3.5</explosiveRadius><explosionDamage>15</explosionDamage><explosionDamageDef>Bomb</explosionDamageDef><startWickOnDamageChance>1</startWickOnDamageChance><preExplosionSpawnThingDef>Gas_BlightInfection</preExplosionSpawnThingDef><postExplosionSpawnThingDef>Gas_BlightInfection</postExplosionSpawnThingDef><explosionSpawnChance>1</explosionSpawnChance></li></comps></ThingDef> 
(Filename: C:\buildslave\unity\build\Runtime/Export/Debug/Debug.bindings.h Line: 39)

XML error: <chatColor>(158, 153, 135)</chatColor> doesn't correspond to any field in type FactionDef. Context: <FactionDef><defName>BlightSwarmFaction</defName><label>blight swarm</label><description>A horde of blight-infected creatures that have succumbed to the zombie-like state. They exist only to spread the infection and hunt for living flesh.</description><pawnsPlural>blight zombies</pawnsPlural><categoryTag>Tribal</categoryTag><settlementGenerationWeight>0</settlementGenerationWeight><requiredCountAtGameStart>0</requiredCountAtGameStart><maxCountAtGameStart>0</maxCountAtGameStart><canMakeRandomly>false</canMakeRandomly><raidCommonalityFromPointsCurve><points><li>(0, 0)</li></points></raidCommonalityFromPointsCurve><humanlikeFaction>true</humanlikeFaction><hidden>true</hidden><hostileToFactionlessHumanlikes>true</hostileToFactionlessHumanlikes><autoFlee>false</autoFlee><canUseAvoidGrid>true</canUseAvoidGrid><techLevel>Animal</techLevel><canSiege>false</canSiege><canStageAttacks>false</canStageAttacks><chatColor>(158, 153, 135)</chatColor><permanentEnemyToEveryoneExcept><li>BlightSwarmFaction</li></permanentEnemyToEveryoneExcept><raidLootMaker>TribbalRaidLootMaker</raidLootMaker><startingGoodwill><min>-100</min><max>-100</max></startingGoodwill><mustStartOneEnemy>false</mustStartOneEnemy><naturalColonyGoodwill><min>-100</min><max>-100</max></naturalColonyGoodwill><allowedArrivalTemperatureRange><min>-100</min><max>100</max></allowedArrivalTemperatureRange><pawnGroupMakers><li><kindDef>Combat</kindDef><commonality>100</commonality><options /></li></pawnGroupMakers></FactionDef> 
(Filename: C:\buildslave\unity\build\Runtime/Export/Debug/Debug.bindings.h Line: 39)

XML error: <startingGoodwill><min>-100</min><max>-100</max></startingGoodwill> doesn't correspond to any field in type FactionDef. Context: <FactionDef><defName>BlightSwarmFaction</defName><label>blight swarm</label><description>A horde of blight-infected creatures that have succumbed to the zombie-like state. They exist only to spread the infection and hunt for living flesh.</description><pawnsPlural>blight zombies</pawnsPlural><categoryTag>Tribal</categoryTag><settlementGenerationWeight>0</settlementGenerationWeight><requiredCountAtGameStart>0</requiredCountAtGameStart><maxCountAtGameStart>0</maxCountAtGameStart><canMakeRandomly>false</canMakeRandomly><raidCommonalityFromPointsCurve><points><li>(0, 0)</li></points></raidCommonalityFromPointsCurve><humanlikeFaction>true</humanlikeFaction><hidden>true</hidden><hostileToFactionlessHumanlikes>true</hostileToFactionlessHumanlikes><autoFlee>false</autoFlee><canUseAvoidGrid>true</canUseAvoidGrid><techLevel>Animal</techLevel><canSiege>false</canSiege><canStageAttacks>false</canStageAttacks><chatColor>(158, 153, 135)</chatColor><permanentEnemyToEveryoneExcept><li>BlightSwarmFaction</li></permanentEnemyToEveryoneExcept><raidLootMaker>TribbalRaidLootMaker</raidLootMaker><startingGoodwill><min>-100</min><max>-100</max></startingGoodwill><mustStartOneEnemy>false</mustStartOneEnemy><naturalColonyGoodwill><min>-100</min><max>-100</max></naturalColonyGoodwill><allowedArrivalTemperatureRange><min>-100</min><max>100</max></allowedArrivalTemperatureRange><pawnGroupMakers><li><kindDef>Combat</kindDef><commonality>100</commonality><options /></li></pawnGroupMakers></FactionDef> 
(Filename: C:\buildslave\unity\build\Runtime/Export/Debug/Debug.bindings.h Line: 39)

XML error: <naturalColonyGoodwill><min>-100</min><max>-100</max></naturalColonyGoodwill> doesn't correspond to any field in type FactionDef. Context: <FactionDef><defName>BlightSwarmFaction</defName><label>blight swarm</label><description>A horde of blight-infected creatures that have succumbed to the zombie-like state. They exist only to spread the infection and hunt for living flesh.</description><pawnsPlural>blight zombies</pawnsPlural><categoryTag>Tribal</categoryTag><settlementGenerationWeight>0</settlementGenerationWeight><requiredCountAtGameStart>0</requiredCountAtGameStart><maxCountAtGameStart>0</maxCountAtGameStart><canMakeRandomly>false</canMakeRandomly><raidCommonalityFromPointsCurve><points><li>(0, 0)</li></points></raidCommonalityFromPointsCurve><humanlikeFaction>true</humanlikeFaction><hidden>true</hidden><hostileToFactionlessHumanlikes>true</hostileToFactionlessHumanlikes><autoFlee>false</autoFlee><canUseAvoidGrid>true</canUseAvoidGrid><techLevel>Animal</techLevel><canSiege>false</canSiege><canStageAttacks>false</canStageAttacks><chatColor>(158, 153, 135)</chatColor><permanentEnemyToEveryoneExcept><li>BlightSwarmFaction</li></permanentEnemyToEveryoneExcept><raidLootMaker>TribbalRaidLootMaker</raidLootMaker><startingGoodwill><min>-100</min><max>-100</max></startingGoodwill><mustStartOneEnemy>false</mustStartOneEnemy><naturalColonyGoodwill><min>-100</min><max>-100</max></naturalColonyGoodwill><allowedArrivalTemperatureRange><min>-100</min><max>100</max></allowedArrivalTemperatureRange><pawnGroupMakers><li><kindDef>Combat</kindDef><commonality>100</commonality><options /></li></pawnGroupMakers></FactionDef> 
(Filename: C:\buildslave\unity\build\Runtime/Export/Debug/Debug.bindings.h Line: 39)

XML error: <tendDuration>30000</tendDuration> doesn't correspond to any field in type HediffCompProperties_TendDuration. Context: <li Class="HediffCompProperties_TendDuration"><tendDuration>30000</tendDuration><tendOverlapHours>4</tendOverlapHours><severityPerDayTended>-0.25</severityPerDayTended></li> 
(Filename: C:\buildslave\unity\build\Runtime/Export/Debug/Debug.bindings.h Line: 39)

Exception loading list element Verse.CompProperties from XML: System.InvalidCastException: Cannot cast XML type ZombieBlight.CompGatherableSlime to C# type Verse.CompProperties.
[Ref 9B7E81B7]
 at Verse.DirectXmlToObject.ObjectFromXml[T] (System.Xml.XmlNode xmlRoot, System.Boolean doPostLoad) [0x00432] in <630e2863bc9a4a3493f2eff01e3a9556>:0 
 at Verse.DirectXmlToObject.ListFromXml[T] (System.Xml.XmlNode listRootNode) [0x0011b] in <630e2863bc9a4a3493f2eff01e3a9556>:0 
XML:
<comps><li Class="ZombieBlight.CompGatherableSlime" /></comps> 
(Filename: C:\buildslave\unity\build\Runtime/Export/Debug/Debug.bindings.h Line: 39)

Could not find type named ZombieBlight.CompProperties_BlightIngredient from node <li Class="ZombieBlight.CompProperties_BlightIngredient"><hediffDef>Hediff_BlightResistance</hediffDef></li> 
(Filename: C:\buildslave\unity\build\Runtime/Export/Debug/Debug.bindings.h Line: 39)

XML error: <hediffDef>Hediff_BlightResistance</hediffDef> doesn't correspond to any field in type CompProperties. Context: <li Class="ZombieBlight.CompProperties_BlightIngredient"><hediffDef>Hediff_BlightResistance</hediffDef></li> 
(Filename: C:\buildslave\unity\build\Runtime/Export/Debug/Debug.bindings.h Line: 39)

Could not find type named CompProperties_TargetEffect from node <li Class="CompProperties_TargetEffect"><compClass>ZombieBlight.CompTargetEffect_BlightSerum</compClass></li> 
(Filename: C:\buildslave\unity\build\Runtime/Export/Debug/Debug.bindings.h Line: 39)

Could not find a type named ZombieBlight.CompTargetEffect_BlightSerum 
(Filename: C:\buildslave\unity\build\Runtime/Export/Debug/Debug.bindings.h Line: 39)

Could not find type named CompProperties_TargetEffect from node <li Class="CompProperties_TargetEffect"><compClass>ZombieBlight.CompTargetEffect_BlightSerum</compClass></li> 
(Filename: C:\buildslave\unity\build\Runtime/Export/Debug/Debug.bindings.h Line: 39)

Could not find a type named ZombieBlight.CompTargetEffect_BlightSerum 
(Filename: C:\buildslave\unity\build\Runtime/Export/Debug/Debug.bindings.h Line: 39)

Could not find type named CompProperties_TargetEffect from node <li Class="CompProperties_TargetEffect"><compClass>ZombieBlight.CompTargetEffect_BlightSerum</compClass></li> 
(Filename: C:\buildslave\unity\build\Runtime/Export/Debug/Debug.bindings.h Line: 39)

Could not find a type named ZombieBlight.CompTargetEffect_BlightSerum 
(Filename: C:\buildslave\unity\build\Runtime/Export/Debug/Debug.bindings.h Line: 39)

XML error: <canBingingCauseOverdose>false</canBingingCauseOverdose> doesn't correspond to any field in type ChemicalDef. Context: <ChemicalDef><defName>BlightResistance</defName><label>blight resistance</label><addictionHediff>NULL</addictionHediff><canBingingCauseOverdose>false</canBingingCauseOverdose></ChemicalDef> 
(Filename: C:\buildslave\unity\build\Runtime/Export/Debug/Debug.bindings.h Line: 39)

Exception in custom XML loader for Verse.ThingDefCountClass. Node is:
 <Item_BlightSlimePack>5~8</Item_BlightSlimePack>

Exception is:
 System.Reflection.TargetInvocationException: Exception has been thrown by the target of an invocation. ---> System.FormatException: Input string was not in a correct format.
[Ref 2B098274]
 at System.Number.ParseSingle (System.String value, System.Globalization.NumberStyles options, System.Globalization.NumberFormatInfo numfmt) [0x00083] in <eae584ce26bc40229c1b1aa476bfa589>:0 
 at System.Single.Parse (System.String s, System.Globalization.NumberStyles style, System.Globalization.NumberFormatInfo info) [0x00000] in <eae584ce26bc40229c1b1aa476bfa589>:0 
 at System.Single.Parse (System.String s, System.IFormatProvider provider) [0x0000c] in <eae584ce26bc40229c1b1aa476bfa589>:0 
 at Verse.ParseHelper.ParseIntPermissive (System.String str) [0x0001a] in <630e2863bc9a4a3493f2eff01e3a9556>:0 
 at Verse.ParseHelper.FromString[T] (System.String str) [0x00009] in <630e2863bc9a4a3493f2eff01e3a9556>:0 
 at Verse.ThingDefCountClass.LoadFromSingleNode (System.Xml.XmlNode node) [0x00011] in <630e2863bc9a4a3493f2eff01e3a9556>:0 
 at Verse.ThingDefCountClass.LoadDataFromXmlCustom (System.Xml.XmlNode xmlRoot) [0x0002b] in <630e2863bc9a4a3493f2eff01e3a9556>:0 
 at (wrapper managed-to-native) System.Reflection.MonoMethod.InternalInvoke(System.Reflection.MonoMethod,object,object[],System.Exception&)
 at System.Reflection.MonoMethod.Invoke (System.Object obj, System.Reflection.BindingFlags invokeAttr, System.Reflection.Binder binder, System.Object[] parameters, System.Globalization.CultureInfo culture) [0x00032] in <eae584ce26bc40229c1b1aa476bfa589>:0 
   --- End of inner exception stack trace ---
[Ref 59989ADB]
 at System.Reflection.MonoMethod.Invoke (System.Object obj, System.Reflection.BindingFlags invokeAttr, System.Reflection.Binder binder, System.Object[] parameters, System.Globalization.CultureInfo culture) [0x00048] in <eae584ce26bc40229c1b1aa476bfa589>:0 
 at System.Reflection.MethodBase.Invoke (System.Object obj, System.Object[] parameters) [0x00000] in <eae584ce26bc40229c1b1aa476bfa589>:0 
 at Verse.DirectXmlToObject.ObjectFromXml[T] (System.Xml.XmlNode xmlRoot, System.Boolean doPostLoad) [0x00088] in <630e2863bc9a4a3493f2eff01e3a9556>:0  
(Filename: C:\buildslave\unity\build\Runtime/Export/Debug/Debug.bindings.h Line: 39)

Exception while executing PostLoad on null: System.NullReferenceException: Object reference not set to an instance of an object
[Ref 3C9F732E]
 at Verse.DirectXmlToObject.TryDoPostLoad (System.Object obj) [0x0000a] in <630e2863bc9a4a3493f2eff01e3a9556>:0  
(Filename: C:\buildslave\unity\build\Runtime/Export/Debug/Debug.bindings.h Line: 39)

XML error: <disallowedSpecialFilters><li>BlightTreated</li></disallowedSpecialFilters> corresponds to a field in type ThingFilter which has an Unsaved attribute. Context: <filter><categories><li>FoodMeals</li></categories><disallowedSpecialFilters><li>BlightTreated</li></disallowedSpecialFilters></filter> 
(Filename: C:\buildslave\unity\build\Runtime/Export/Debug/Debug.bindings.h Line: 39)

XML error: <disallowedSpecialFilters><li>BlightTreated</li></disallowedSpecialFilters> corresponds to a field in type ThingFilter which has an Unsaved attribute. Context: <fixedIngredientFilter><categories><li>FoodMeals</li></categories><disallowedSpecialFilters><li>BlightTreated</li></disallowedSpecialFilters></fixedIngredientFilter> 
(Filename: C:\buildslave\unity\build\Runtime/Export/Debug/Debug.bindings.h Line: 39)

XML error: <disallowedSpecialFilters><li>BlightTreated</li></disallowedSpecialFilters> corresponds to a field in type ThingFilter which has an Unsaved attribute. Context: <defaultIngredientFilter><categories><li>FoodMeals</li></categories><disallowedSpecialFilters><li>BlightTreated</li></disallowedSpecialFilters></defaultIngredientFilter> 
(Filename: C:\buildslave\unity\build\Runtime/Export/Debug/Debug.bindings.h Line: 39)

Could not find type named CompProperties_Gas from node <li Class="CompProperties_Gas"><gas>BlightInfection</gas><durationTicks>1200</durationTicks></li> 
(Filename: C:\buildslave\unity\build\Runtime/Export/Debug/Debug.bindings.h Line: 39)

XML error: <gas>BlightInfection</gas> doesn't correspond to any field in type CompProperties. Context: <li Class="CompProperties_Gas"><gas>BlightInfection</gas><durationTicks>1200</durationTicks></li> 
(Filename: C:\buildslave\unity\build\Runtime/Export/Debug/Debug.bindings.h Line: 39)

XML error: <durationTicks>1200</durationTicks> doesn't correspond to any field in type CompProperties. Context: <li Class="CompProperties_Gas"><gas>BlightInfection</gas><durationTicks>1200</durationTicks></li> 
(Filename: C:\buildslave\unity\build\Runtime/Export/Debug/Debug.bindings.h Line: 39)

XML error: <expectedCover>0.3</expectedCover> doesn't correspond to any field in type ProjectileProperties. Context: <projectile><speed>30</speed><damageAmountBase>25</damageAmountBase><explosionRadius>5.9</explosionRadius><explosionDelay>0</explosionDelay><expectedCover>0.3</expectedCover><flyOverhead>true</flyOverhead><ai_IsIncendiary>false</ai_IsIncendiary></projectile> 
(Filename: C:\buildslave\unity\build\Runtime/Export/Debug/Debug.bindings.h Line: 39)

XML error: <explosionDamage>25</explosionDamage> doesn't correspond to any field in type CompProperties_Explosive. Context: <li Class="CompProperties_Explosive"><explosiveRadius>5.9</explosiveRadius><explosiveExpandPerStackcount>0.7</explosiveExpandPerStackcount><explosionDamage>25</explosionDamage><explosionDamageDef>Bomb</explosionDamageDef><startWickOnDamageChance>1</startWickOnDamageChance><wickStarts>0.1</wickStarts><wickTime>1.5</wickTime><preExplosionSpawnThingDef>Gas_BlightInfection</preExplosionSpawnThingDef><postExplosionSpawnThingDef>Gas_BlightInfection</postExplosionSpawnThingDef><explosionSpawnChance>1</explosionSpawnChance></li> 
(Filename: C:\buildslave\unity\build\Runtime/Export/Debug/Debug.bindings.h Line: 39)

XML error: <explosionDamageDef>Bomb</explosionDamageDef> doesn't correspond to any field in type CompProperties_Explosive. Context: <li Class="CompProperties_Explosive"><explosiveRadius>5.9</explosiveRadius><explosiveExpandPerStackcount>0.7</explosiveExpandPerStackcount><explosionDamage>25</explosionDamage><explosionDamageDef>Bomb</explosionDamageDef><startWickOnDamageChance>1</startWickOnDamageChance><wickStarts>0.1</wickStarts><wickTime>1.5</wickTime><preExplosionSpawnThingDef>Gas_BlightInfection</preExplosionSpawnThingDef><postExplosionSpawnThingDef>Gas_BlightInfection</postExplosionSpawnThingDef><explosionSpawnChance>1</explosionSpawnChance></li> 
(Filename: C:\buildslave\unity\build\Runtime/Export/Debug/Debug.bindings.h Line: 39)

XML error: <startWickOnDamageChance>1</startWickOnDamageChance> doesn't correspond to any field in type CompProperties_Explosive. Context: <li Class="CompProperties_Explosive"><explosiveRadius>5.9</explosiveRadius><explosiveExpandPerStackcount>0.7</explosiveExpandPerStackcount><explosionDamage>25</explosionDamage><explosionDamageDef>Bomb</explosionDamageDef><startWickOnDamageChance>1</startWickOnDamageChance><wickStarts>0.1</wickStarts><wickTime>1.5</wickTime><preExplosionSpawnThingDef>Gas_BlightInfection</preExplosionSpawnThingDef><postExplosionSpawnThingDef>Gas_BlightInfection</postExplosionSpawnThingDef><explosionSpawnChance>1</explosionSpawnChance></li> 
(Filename: C:\buildslave\unity\build\Runtime/Export/Debug/Debug.bindings.h Line: 39)

XML error: <wickStarts>0.1</wickStarts> doesn't correspond to any field in type CompProperties_Explosive. Context: <li Class="CompProperties_Explosive"><explosiveRadius>5.9</explosiveRadius><explosiveExpandPerStackcount>0.7</explosiveExpandPerStackcount><explosionDamage>25</explosionDamage><explosionDamageDef>Bomb</explosionDamageDef><startWickOnDamageChance>1</startWickOnDamageChance><wickStarts>0.1</wickStarts><wickTime>1.5</wickTime><preExplosionSpawnThingDef>Gas_BlightInfection</preExplosionSpawnThingDef><postExplosionSpawnThingDef>Gas_BlightInfection</postExplosionSpawnThingDef><explosionSpawnChance>1</explosionSpawnChance></li> 
(Filename: C:\buildslave\unity\build\Runtime/Export/Debug/Debug.bindings.h Line: 39)

XML error: <wickTime>1.5</wickTime> doesn't correspond to any field in type CompProperties_Explosive. Context: <li Class="CompProperties_Explosive"><explosiveRadius>5.9</explosiveRadius><explosiveExpandPerStackcount>0.7</explosiveExpandPerStackcount><explosionDamage>25</explosionDamage><explosionDamageDef>Bomb</explosionDamageDef><startWickOnDamageChance>1</startWickOnDamageChance><wickStarts>0.1</wickStarts><wickTime>1.5</wickTime><preExplosionSpawnThingDef>Gas_BlightInfection</preExplosionSpawnThingDef><postExplosionSpawnThingDef>Gas_BlightInfection</postExplosionSpawnThingDef><explosionSpawnChance>1</explosionSpawnChance></li> 
(Filename: C:\buildslave\unity\build\Runtime/Export/Debug/Debug.bindings.h Line: 39)

XML error: <explosionSpawnChance>1</explosionSpawnChance> doesn't correspond to any field in type CompProperties_Explosive. Context: <li Class="CompProperties_Explosive"><explosiveRadius>5.9</explosiveRadius><explosiveExpandPerStackcount>0.7</explosiveExpandPerStackcount><explosionDamage>25</explosionDamage><explosionDamageDef>Bomb</explosionDamageDef><startWickOnDamageChance>1</startWickOnDamageChance><wickStarts>0.1</wickStarts><wickTime>1.5</wickTime><preExplosionSpawnThingDef>Gas_BlightInfection</preExplosionSpawnThingDef><postExplosionSpawnThingDef>Gas_BlightInfection</postExplosionSpawnThingDef><explosionSpawnChance>1</explosionSpawnChance></li> 
(Filename: C:\buildslave\unity\build\Runtime/Export/Debug/Debug.bindings.h Line: 39)

Could not find a type named AmmoThing 
(Filename: C:\buildslave\unity\build\Runtime/Export/Debug/Debug.bindings.h Line: 39)

Could not find type named CompProperties_AmmoUser from node <li Class="CompProperties_AmmoUser"><ammoDef>Shell_BlightArtillery</ammoDef></li> 
(Filename: C:\buildslave\unity\build\Runtime/Export/Debug/Debug.bindings.h Line: 39)

XML error: <ammoDef>Shell_BlightArtillery</ammoDef> doesn't correspond to any field in type CompProperties. Context: <li Class="CompProperties_AmmoUser"><ammoDef>Shell_BlightArtillery</ammoDef></li> 
(Filename: C:\buildslave\unity\build\Runtime/Export/Debug/Debug.bindings.h Line: 39)

XML error: <explosionDamage>40</explosionDamage> doesn't correspond to any field in type CompProperties_Explosive. Context: <li Class="CompProperties_Explosive"><explosiveRadius>8</explosiveRadius><explosionDamage>40</explosionDamage><explosionDamageDef>Bomb</explosionDamageDef><startWickOnDamageChance>0.5</startWickOnDamageChance><preExplosionSpawnThingDef>Gas_BlightInfection</preExplosionSpawnThingDef><postExplosionSpawnThingDef>Gas_BlightInfection</postExplosionSpawnThingDef><explosionSpawnChance>1</explosionSpawnChance><explosionSpawnCount>3</explosionSpawnCount></li> 
(Filename: C:\buildslave\unity\build\Runtime/Export/Debug/Debug.bindings.h Line: 39)

XML error: <explosionDamageDef>Bomb</explosionDamageDef> doesn't correspond to any field in type CompProperties_Explosive. Context: <li Class="CompProperties_Explosive"><explosiveRadius>8</explosiveRadius><explosionDamage>40</explosionDamage><explosionDamageDef>Bomb</explosionDamageDef><startWickOnDamageChance>0.5</startWickOnDamageChance><preExplosionSpawnThingDef>Gas_BlightInfection</preExplosionSpawnThingDef><postExplosionSpawnThingDef>Gas_BlightInfection</postExplosionSpawnThingDef><explosionSpawnChance>1</explosionSpawnChance><explosionSpawnCount>3</explosionSpawnCount></li> 
(Filename: C:\buildslave\unity\build\Runtime/Export/Debug/Debug.bindings.h Line: 39)

XML error: <startWickOnDamageChance>0.5</startWickOnDamageChance> doesn't correspond to any field in type CompProperties_Explosive. Context: <li Class="CompProperties_Explosive"><explosiveRadius>8</explosiveRadius><explosionDamage>40</explosionDamage><explosionDamageDef>Bomb</explosionDamageDef><startWickOnDamageChance>0.5</startWickOnDamageChance><preExplosionSpawnThingDef>Gas_BlightInfection</preExplosionSpawnThingDef><postExplosionSpawnThingDef>Gas_BlightInfection</postExplosionSpawnThingDef><explosionSpawnChance>1</explosionSpawnChance><explosionSpawnCount>3</explosionSpawnCount></li> 
(Filename: C:\buildslave\unity\build\Runtime/Export/Debug/Debug.bindings.h Line: 39)

XML error: <explosionSpawnChance>1</explosionSpawnChance> doesn't correspond to any field in type CompProperties_Explosive. Context: <li Class="CompProperties_Explosive"><explosiveRadius>8</explosiveRadius><explosionDamage>40</explosionDamage><explosionDamageDef>Bomb</explosionDamageDef><startWickOnDamageChance>0.5</startWickOnDamageChance><preExplosionSpawnThingDef>Gas_BlightInfection</preExplosionSpawnThingDef><postExplosionSpawnThingDef>Gas_BlightInfection</postExplosionSpawnThingDef><explosionSpawnChance>1</explosionSpawnChance><explosionSpawnCount>3</explosionSpawnCount></li> 
(Filename: C:\buildslave\unity\build\Runtime/Export/Debug/Debug.bindings.h Line: 39)

XML error: <explosionSpawnCount>3</explosionSpawnCount> doesn't correspond to any field in type CompProperties_Explosive. Context: <li Class="CompProperties_Explosive"><explosiveRadius>8</explosiveRadius><explosionDamage>40</explosionDamage><explosionDamageDef>Bomb</explosionDamageDef><startWickOnDamageChance>0.5</startWickOnDamageChance><preExplosionSpawnThingDef>Gas_BlightInfection</preExplosionSpawnThingDef><postExplosionSpawnThingDef>Gas_BlightInfection</postExplosionSpawnThingDef><explosionSpawnChance>1</explosionSpawnChance><explosionSpawnCount>3</explosionSpawnCount></li> 
(Filename: C:\buildslave\unity\build\Runtime/Export/Debug/Debug.bindings.h Line: 39)

XML error: <explosionDamage>15</explosionDamage> doesn't correspond to any field in type CompProperties_Explosive. Context: <li Class="CompProperties_Explosive"><explosiveRadius>3.5</explosiveRadius><explosionDamage>15</explosionDamage><explosionDamageDef>Bomb</explosionDamageDef><startWickOnDamageChance>1</startWickOnDamageChance><preExplosionSpawnThingDef>Gas_BlightInfection</preExplosionSpawnThingDef><postExplosionSpawnThingDef>Gas_BlightInfection</postExplosionSpawnThingDef><explosionSpawnChance>1</explosionSpawnChance></li> 
(Filename: C:\buildslave\unity\build\Runtime/Export/Debug/Debug.bindings.h Line: 39)

XML error: <explosionDamageDef>Bomb</explosionDamageDef> doesn't correspond to any field in type CompProperties_Explosive. Context: <li Class="CompProperties_Explosive"><explosiveRadius>3.5</explosiveRadius><explosionDamage>15</explosionDamage><explosionDamageDef>Bomb</explosionDamageDef><startWickOnDamageChance>1</startWickOnDamageChance><preExplosionSpawnThingDef>Gas_BlightInfection</preExplosionSpawnThingDef><postExplosionSpawnThingDef>Gas_BlightInfection</postExplosionSpawnThingDef><explosionSpawnChance>1</explosionSpawnChance></li> 
(Filename: C:\buildslave\unity\build\Runtime/Export/Debug/Debug.bindings.h Line: 39)

XML error: <startWickOnDamageChance>1</startWickOnDamageChance> doesn't correspond to any field in type CompProperties_Explosive. Context: <li Class="CompProperties_Explosive"><explosiveRadius>3.5</explosiveRadius><explosionDamage>15</explosionDamage><explosionDamageDef>Bomb</explosionDamageDef><startWickOnDamageChance>1</startWickOnDamageChance><preExplosionSpawnThingDef>Gas_BlightInfection</preExplosionSpawnThingDef><postExplosionSpawnThingDef>Gas_BlightInfection</postExplosionSpawnThingDef><explosionSpawnChance>1</explosionSpawnChance></li> 
(Filename: C:\buildslave\unity\build\Runtime/Export/Debug/Debug.bindings.h Line: 39)

XML error: <explosionSpawnChance>1</explosionSpawnChance> doesn't correspond to any field in type CompProperties_Explosive. Context: <li Class="CompProperties_Explosive"><explosiveRadius>3.5</explosiveRadius><explosionDamage>15</explosionDamage><explosionDamageDef>Bomb</explosionDamageDef><startWickOnDamageChance>1</startWickOnDamageChance><preExplosionSpawnThingDef>Gas_BlightInfection</preExplosionSpawnThingDef><postExplosionSpawnThingDef>Gas_BlightInfection</postExplosionSpawnThingDef><explosionSpawnChance>1</explosionSpawnChance></li> 
(Filename: C:\buildslave\unity\build\Runtime/Export/Debug/Debug.bindings.h Line: 39)

Exception loading list element Verse.AI.ThinkNode from XML: System.MissingMethodException: Default constructor not found for type RimWorld.JobGiver_AIFightEnemy
[Ref D01E4A4C]
 at System.RuntimeType.CreateInstanceMono (System.Boolean nonPublic) [0x0007b] in <eae584ce26bc40229c1b1aa476bfa589>:0 
 at System.RuntimeType.CreateInstanceSlow (System.Boolean publicOnly, System.Boolean skipCheckThis, System.Boolean fillCache, System.Threading.StackCrawlMark& stackMark) [0x00009] in <eae584ce26bc40229c1b1aa476bfa589>:0 
 at System.RuntimeType.CreateInstanceDefaultCtor (System.Boolean publicOnly, System.Boolean skipCheckThis, System.Boolean fillCache, System.Threading.StackCrawlMark& stackMark) [0x00027] in <eae584ce26bc40229c1b1aa476bfa589>:0 
 at System.Activator.CreateInstance (System.Type type, System.Boolean nonPublic) [0x00020] in <eae584ce26bc40229c1b1aa476bfa589>:0 
 at System.Activator.CreateInstance (System.Type type) [0x00000] in <eae584ce26bc40229c1b1aa476bfa589>:0 
 at Verse.DirectXmlToObject.ObjectFromXml[T] (System.Xml.XmlNode xmlRoot, System.Boolean doPostLoad) [0x0040b] in <630e2863bc9a4a3493f2eff01e3a9556>:0 
 at Verse.DirectXmlToObject.ListFromXml[T] (System.Xml.XmlNode listRootNode) [0x0011b] in <630e2863bc9a4a3493f2eff01e3a9556>:0 
XML:
<subNodes><li Class="ThinkNode_ConditionalMustKeepLyingDown"><subNodes><li Class="JobGiver_KeepLyingDown" /></subNodes></li><li Class="JobGiver_AIFightEnemy"><targetAcquireRadius>25</targetAcquireRadius><targetKeepRadius>30</targetKeepRadius></li><li Class="ZombieBlight.JobGiver_BlightTraceFollower" /><li Class="ZombieBlight.JobGiver_BlightZombieBehavior" /></subNodes> 
(Filename: C:\buildslave\unity\build\Runtime/Export/Debug/Debug.bindings.h Line: 39)

XML error: <requiredResearch><li>Mortars</li></requiredResearch> doesn't correspond to any field in type ResearchProjectDef. Context: <ResearchProjectDef><defName>BlightGrenadeResearch</defName><label>Blight weaponry</label><description>Research into weaponizing the blight infection into grenades and mortar shells.</description><baseCost>2000</baseCost><techLevel>Industrial</techLevel><requiredResearch><li>Mortars</li></requiredResearch><tab>Security</tab><prerequisites><li>MicroelectronicsBasics</li></prerequisites></ResearchProjectDef> 
(Filename: C:\buildslave\unity\build\Runtime/Export/Debug/Debug.bindings.h Line: 39)

Could not resolve cross-reference: No Verse.SoundDef named Explosion_Gas found to give to Verse.ThingDef Projectile_BlightGas (using undefined sound instead) 
(Filename: C:\buildslave\unity\build\Runtime/Export/Debug/Debug.bindings.h Line: 39)

Could not resolve cross-reference: No Verse.SoundDef named Interact_Throw found to give to Verse.VerbProperties VerbProperties(blight gas grenade) (using undefined sound instead) 
(Filename: C:\buildslave\unity\build\Runtime/Export/Debug/Debug.bindings.h Line: 39)

Could not resolve cross-reference: No RimWorld.ThingSetMakerDef named TribbalRaidLootMaker found to give to RimWorld.FactionDef BlightSwarmFaction 
(Filename: C:\buildslave\unity\build\Runtime/Export/Debug/Debug.bindings.h Line: 39)

Could not resolve cross-reference: No Verse.DamageDef named BlightGasExposure found to give to Verse.ProjectileProperties Verse.ProjectileProperties 
(Filename: C:\buildslave\unity\build\Runtime/Export/Debug/Debug.bindings.h Line: 39)

Could not resolve cross-reference: No Verse.EffecterDef named Gas_BlightInfectionEffect found to give to Verse.ProjectileProperties Verse.ProjectileProperties 
(Filename: C:\buildslave\unity\build\Runtime/Export/Debug/Debug.bindings.h Line: 39)

Could not resolve cross-reference: No Verse.HediffDef named NULL found to give to RimWorld.ChemicalDef BlightResistance 
(Filename: C:\buildslave\unity\build\Runtime/Export/Debug/Debug.bindings.h Line: 39)

Could not resolve cross-reference to Verse.ThingDef named Corpse (wanter=recipeUsers) 
(Filename: C:\buildslave\unity\build\Runtime/Export/Debug/Debug.bindings.h Line: 39)

Could not resolve cross-reference: No RimWorld.StatDef named ArmorPenetrationBlunt found to give to RimWorld.StatModifier (null stat) 
(Filename: C:\buildslave\unity\build\Runtime/Export/Debug/Debug.bindings.h Line: 39)

Could not resolve cross-reference: No RimWorld.StatDef named Damage found to give to RimWorld.StatModifier (null stat) 
(Filename: C:\buildslave\unity\build\Runtime/Export/Debug/Debug.bindings.h Line: 39)

Could not resolve cross-reference to Verse.ThingCategoryDef named Shells (wanter=thingCategories) 
(Filename: C:\buildslave\unity\build\Runtime/Export/Debug/Debug.bindings.h Line: 39)

Could not resolve cross-reference: No RimWorld.StatDef named StackLimit found to give to RimWorld.StatModifier (null stat) 
(Filename: C:\buildslave\unity\build\Runtime/Export/Debug/Debug.bindings.h Line: 39)

Could not resolve cross-reference: No RimWorld.ResearchTabDef named Security found to give to Verse.ResearchProjectDef BlightGrenadeResearch 
(Filename: C:\buildslave\unity\build\Runtime/Export/Debug/Debug.bindings.h Line: 39)

Failed to find Verse.ThingCategoryDef named Metals. There are 74 defs of this type loaded. 
(Filename: C:\buildslave\unity\build\Runtime/Export/Debug/Debug.bindings.h Line: 39)

Failed to find Verse.ThingCategoryDef named Metals. There are 74 defs of this type loaded. 
(Filename: C:\buildslave\unity\build\Runtime/Export/Debug/Debug.bindings.h Line: 39)

Failed to find Verse.ThingCategoryDef named Metals. There are 74 defs of this type loaded. 
(Filename: C:\buildslave\unity\build\Runtime/Export/Debug/Debug.bindings.h Line: 39)

Failed to find Verse.ThingCategoryDef named Metals. There are 74 defs of this type loaded. 
(Filename: C:\buildslave\unity\build\Runtime/Export/Debug/Debug.bindings.h Line: 39)

Caught exception while loading play data but there are active mods other than Core. Resetting mods config and trying again.
The exception was: System.NullReferenceException: Object reference not set to an instance of an object
[Ref 5A18445]
 at RimWorld.StatWorker_MarketValue.CalculableRecipe (Verse.BuildableDef def) [0x0004a] in <630e2863bc9a4a3493f2eff01e3a9556>:0 
 at RimWorld.StatWorker_MarketValue.CalculatedBaseMarketValue (Verse.BuildableDef def, Verse.ThingDef stuffDef) [0x00008] in <630e2863bc9a4a3493f2eff01e3a9556>:0 
 at RimWorld.StatWorker_MarketValue.GetValueUnfinalized (RimWorld.StatRequest req, System.Boolean applyPostProcess) [0x000f6] in <630e2863bc9a4a3493f2eff01e3a9556>:0 
 at RimWorld.StatWorker.GetValue (RimWorld.StatRequest req, System.Boolean applyPostProcess) [0x00043] in <630e2863bc9a4a3493f2eff01e3a9556>:0 
 at RimWorld.StatWorker.GetValueAbstract (Verse.BuildableDef def, Verse.ThingDef stuffDef) [0x00009] in <630e2863bc9a4a3493f2eff01e3a9556>:0 
 at RimWorld.StatExtension.GetStatValueAbstract (Verse.BuildableDef def, RimWorld.StatDef stat, Verse.ThingDef stuff) [0x00006] in <630e2863bc9a4a3493f2eff01e3a9556>:0 
 at <0x2bb17901b50 + 0x001a2> <unknown method>
 at RimWorld.ThingStuffPair.AllWith (System.Predicate`1[T] thingValidator) [0x00044] in <630e2863bc9a4a3493f2eff01e3a9556>:0 
 at RimWorld.PawnWeaponGenerator.Reset () [0x0002b] in <630e2863bc9a4a3493f2eff01e3a9556>:0 
 at Verse.PlayDataLoader.ResetStaticDataPost () [0x00000] in <630e2863bc9a4a3493f2eff01e3a9556>:0 
 at Verse.PlayDataLoader.DoPlayLoad () [0x002ee] in <630e2863bc9a4a3493f2eff01e3a9556>:0 
 at Verse.PlayDataLoader.LoadAllPlayData (System.Boolean recovering) [0x0001c] in <630e2863bc9a4a3493f2eff01e3a9556>:0  
(Filename: C:\buildslave\unity\build\Runtime/Export/Debug/Debug.bindings.h Line: 39)

Successfully recovered from errors and loaded play data.
Could not execute post-long-event action. Exception: System.InvalidOperationException: Sequence contains no elements
[Ref 36B7070D]
 at System.Linq.Enumerable.First[TSource] (System.Collections.Generic.IEnumerable`1[T] source) [0x00010] in <351e49e2a5bf4fd6beabb458ce2255f3>:0 
 at RimWorld.GenStuff.DefaultStuffFor (Verse.BuildableDef bd) [0x00146] in <630e2863bc9a4a3493f2eff01e3a9556>:0 
 at Verse.ThingDef.ResolveIcon () [0x000b4] in <630e2863bc9a4a3493f2eff01e3a9556>:0 
 at Verse.BuildableDef.<PostLoad>b__72_0 () [0x00021] in <630e2863bc9a4a3493f2eff01e3a9556>:0 
 at Verse.LongEventHandler.ExecuteToExecuteWhenFinished () [0x0007c] in <630e2863bc9a4a3493f2eff01e3a9556>:0  
(Filename: C:\buildslave\unity\build\Runtime/Export/Debug/Debug.bindings.h Line: 39)

Could not execute post-long-event action. Exception: System.InvalidOperationException: Sequence contains no elements
[Ref 36B7070D] Duplicate stacktrace, see ref for original 
(Filename: C:\buildslave\unity\build\Runtime/Export/Debug/Debug.bindings.h Line: 39)

Could not execute post-long-event action. Exception: System.InvalidOperationException: Sequence contains no elements
[Ref 36B7070D] Duplicate stacktrace, see ref for original 
(Filename: C:\buildslave\unity\build\Runtime/Export/Debug/Debug.bindings.h Line: 39)

Could not execute post-long-event action. Exception: System.InvalidOperationException: Sequence contains no elements
[Ref 36B7070D] Duplicate stacktrace, see ref for original 
(Filename: C:\buildslave\unity\build\Runtime/Export/Debug/Debug.bindings.h Line: 39)

Could not execute post-long-event action. Exception: System.InvalidOperationException: Sequence contains no elements
[Ref 36B7070D] Duplicate stacktrace, see ref for original 
(Filename: C:\buildslave\unity\build\Runtime/Export/Debug/Debug.bindings.h Line: 39)

Could not execute post-long-event action. Exception: System.InvalidOperationException: Sequence contains no elements
[Ref 36B7070D] Duplicate stacktrace, see ref for original 
(Filename: C:\buildslave\unity\build\Runtime/Export/Debug/Debug.bindings.h Line: 39)

Could not execute post-long-event action. Exception: System.InvalidOperationException: Sequence contains no elements
[Ref 36B7070D] Duplicate stacktrace, see ref for original 
(Filename: C:\buildslave\unity\build\Runtime/Export/Debug/Debug.bindings.h Line: 39)

Could not execute post-long-event action. Exception: System.InvalidOperationException: Sequence contains no elements
[Ref 36B7070D] Duplicate stacktrace, see ref for original 
(Filename: C:\buildslave\unity\build\Runtime/Export/Debug/Debug.bindings.h Line: 39)

Could not execute post-long-event action. Exception: System.InvalidOperationException: Sequence contains no elements
[Ref 36B7070D] Duplicate stacktrace, see ref for original 
(Filename: C:\buildslave\unity\build\Runtime/Export/Debug/Debug.bindings.h Line: 39)

Could not execute post-long-event action. Exception: System.InvalidOperationException: Sequence contains no elements
[Ref 36B7070D] Duplicate stacktrace, see ref for original 
(Filename: C:\buildslave\unity\build\Runtime/Export/Debug/Debug.bindings.h Line: 39)

Could not execute post-long-event action. Exception: System.InvalidOperationException: Sequence contains no elements
[Ref 36B7070D] Duplicate stacktrace, see ref for original 
(Filename: C:\buildslave\unity\build\Runtime/Export/Debug/Debug.bindings.h Line: 39)

Could not execute post-long-event action. Exception: System.InvalidOperationException: Sequence contains no elements
[Ref 36B7070D] Duplicate stacktrace, see ref for original 
(Filename: C:\buildslave\unity\build\Runtime/Export/Debug/Debug.bindings.h Line: 39)

Could not execute post-long-event action. Exception: System.InvalidOperationException: Sequence contains no elements
[Ref 36B7070D] Duplicate stacktrace, see ref for original 
(Filename: C:\buildslave\unity\build\Runtime/Export/Debug/Debug.bindings.h Line: 39)

Could not execute post-long-event action. Exception: System.InvalidOperationException: Sequence contains no elements
[Ref 36B7070D] Duplicate stacktrace, see ref for original 
(Filename: C:\buildslave\unity\build\Runtime/Export/Debug/Debug.bindings.h Line: 39)

Could not execute post-long-event action. Exception: System.InvalidOperationException: Sequence contains no elements
[Ref 36B7070D] Duplicate stacktrace, see ref for original 
(Filename: C:\buildslave\unity\build\Runtime/Export/Debug/Debug.bindings.h Line: 39)

Could not execute post-long-event action. Exception: System.InvalidOperationException: Sequence contains no elements
[Ref 36B7070D] Duplicate stacktrace, see ref for original 
(Filename: C:\buildslave\unity\build\Runtime/Export/Debug/Debug.bindings.h Line: 39)

Could not execute post-long-event action. Exception: System.InvalidOperationException: Sequence contains no elements
[Ref 36B7070D] Duplicate stacktrace, see ref for original 
(Filename: C:\buildslave\unity\build\Runtime/Export/Debug/Debug.bindings.h Line: 39)

Could not execute post-long-event action. Exception: System.InvalidOperationException: Sequence contains no elements
[Ref 36B7070D] Duplicate stacktrace, see ref for original 
(Filename: C:\buildslave\unity\build\Runtime/Export/Debug/Debug.bindings.h Line: 39)

Could not execute post-long-event action. Exception: System.InvalidOperationException: Sequence contains no elements
[Ref 36B7070D] Duplicate stacktrace, see ref for original 
(Filename: C:\buildslave\unity\build\Runtime/Export/Debug/Debug.bindings.h Line: 39)

Could not execute post-long-event action. Exception: System.InvalidOperationException: Sequence contains no elements
[Ref 36B7070D] Duplicate stacktrace, see ref for original 
(Filename: C:\buildslave\unity\build\Runtime/Export/Debug/Debug.bindings.h Line: 39)

Could not execute post-long-event action. Exception: System.InvalidOperationException: Sequence contains no elements
[Ref 36B7070D] Duplicate stacktrace, see ref for original 
(Filename: C:\buildslave\unity\build\Runtime/Export/Debug/Debug.bindings.h Line: 39)

Could not execute post-long-event action. Exception: System.InvalidOperationException: Sequence contains no elements
[Ref 36B7070D] Duplicate stacktrace, see ref for original 
(Filename: C:\buildslave\unity\build\Runtime/Export/Debug/Debug.bindings.h Line: 39)

Could not execute post-long-event action. Exception: System.InvalidOperationException: Sequence contains no elements
[Ref 36B7070D] Duplicate stacktrace, see ref for original 
(Filename: C:\buildslave\unity\build\Runtime/Export/Debug/Debug.bindings.h Line: 39)

Could not execute post-long-event action. Exception: System.InvalidOperationException: Sequence contains no elements
[Ref 36B7070D] Duplicate stacktrace, see ref for original 
(Filename: C:\buildslave\unity\build\Runtime/Export/Debug/Debug.bindings.h Line: 39)

Could not execute post-long-event action. Exception: System.InvalidOperationException: Sequence contains no elements
[Ref 36B7070D] Duplicate stacktrace, see ref for original 
(Filename: C:\buildslave\unity\build\Runtime/Export/Debug/Debug.bindings.h Line: 39)

Could not execute post-long-event action. Exception: System.InvalidOperationException: Sequence contains no elements
[Ref 36B7070D] Duplicate stacktrace, see ref for original 
(Filename: C:\buildslave\unity\build\Runtime/Export/Debug/Debug.bindings.h Line: 39)

Could not execute post-long-event action. Exception: System.InvalidOperationException: Sequence contains no elements
[Ref 36B7070D] Duplicate stacktrace, see ref for original 
(Filename: C:\buildslave\unity\build\Runtime/Export/Debug/Debug.bindings.h Line: 39)

Could not execute post-long-event action. Exception: System.InvalidOperationException: Sequence contains no elements
[Ref 36B7070D] Duplicate stacktrace, see ref for original 
(Filename: C:\buildslave\unity\build\Runtime/Export/Debug/Debug.bindings.h Line: 39)

Could not execute post-long-event action. Exception: System.InvalidOperationException: Sequence contains no elements
[Ref 36B7070D] Duplicate stacktrace, see ref for original 
(Filename: C:\buildslave\unity\build\Runtime/Export/Debug/Debug.bindings.h Line: 39)

Could not execute post-long-event action. Exception: System.InvalidOperationException: Sequence contains no elements
[Ref 36B7070D] Duplicate stacktrace, see ref for original 
(Filename: C:\buildslave\unity\build\Runtime/Export/Debug/Debug.bindings.h Line: 39)

Could not execute post-long-event action. Exception: System.InvalidOperationException: Sequence contains no elements
[Ref 36B7070D] Duplicate stacktrace, see ref for original 
(Filename: C:\buildslave\unity\build\Runtime/Export/Debug/Debug.bindings.h Line: 39)

Could not execute post-long-event action. Exception: System.InvalidOperationException: Sequence contains no elements
[Ref 36B7070D] Duplicate stacktrace, see ref for original 
(Filename: C:\buildslave\unity\build\Runtime/Export/Debug/Debug.bindings.h Line: 39)

Could not execute post-long-event action. Exception: System.InvalidOperationException: Sequence contains no elements
[Ref 36B7070D] Duplicate stacktrace, see ref for original 
(Filename: C:\buildslave\unity\build\Runtime/Export/Debug/Debug.bindings.h Line: 39)

Could not execute post-long-event action. Exception: System.InvalidOperationException: Sequence contains no elements
[Ref 36B7070D] Duplicate stacktrace, see ref for original 
(Filename: C:\buildslave\unity\build\Runtime/Export/Debug/Debug.bindings.h Line: 39)

Could not execute post-long-event action. Exception: System.InvalidOperationException: Sequence contains no elements
[Ref 36B7070D] Duplicate stacktrace, see ref for original 
(Filename: C:\buildslave\unity\build\Runtime/Export/Debug/Debug.bindings.h Line: 39)

Could not execute post-long-event action. Exception: System.InvalidOperationException: Sequence contains no elements
[Ref 36B7070D] Duplicate stacktrace, see ref for original 
(Filename: C:\buildslave\unity\build\Runtime/Export/Debug/Debug.bindings.h Line: 39)

Could not execute post-long-event action. Exception: System.InvalidOperationException: Sequence contains no elements
[Ref 36B7070D] Duplicate stacktrace, see ref for original 
(Filename: C:\buildslave\unity\build\Runtime/Export/Debug/Debug.bindings.h Line: 39)

Could not execute post-long-event action. Exception: System.InvalidOperationException: Sequence contains no elements
[Ref 36B7070D] Duplicate stacktrace, see ref for original 
(Filename: C:\buildslave\unity\build\Runtime/Export/Debug/Debug.bindings.h Line: 39)

Could not execute post-long-event action. Exception: System.InvalidOperationException: Sequence contains no elements
[Ref 36B7070D] Duplicate stacktrace, see ref for original 
(Filename: C:\buildslave\unity\build\Runtime/Export/Debug/Debug.bindings.h Line: 39)

Could not execute post-long-event action. Exception: System.InvalidOperationException: Sequence contains no elements
[Ref 36B7070D] Duplicate stacktrace, see ref for original 
(Filename: C:\buildslave\unity\build\Runtime/Export/Debug/Debug.bindings.h Line: 39)

Could not execute post-long-event action. Exception: System.InvalidOperationException: Sequence contains no elements
[Ref 36B7070D] Duplicate stacktrace, see ref for original 
(Filename: C:\buildslave\unity\build\Runtime/Export/Debug/Debug.bindings.h Line: 39)

Could not execute post-long-event action. Exception: System.InvalidOperationException: Sequence contains no elements
[Ref 36B7070D] Duplicate stacktrace, see ref for original 
(Filename: C:\buildslave\unity\build\Runtime/Export/Debug/Debug.bindings.h Line: 39)

Could not execute post-long-event action. Exception: System.InvalidOperationException: Sequence contains no elements
[Ref 36B7070D] Duplicate stacktrace, see ref for original 
(Filename: C:\buildslave\unity\build\Runtime/Export/Debug/Debug.bindings.h Line: 39)

Could not execute post-long-event action. Exception: System.InvalidOperationException: Sequence contains no elements
[Ref 36B7070D] Duplicate stacktrace, see ref for original 
(Filename: C:\buildslave\unity\build\Runtime/Export/Debug/Debug.bindings.h Line: 39)

Could not execute post-long-event action. Exception: System.InvalidOperationException: Sequence contains no elements
[Ref 36B7070D] Duplicate stacktrace, see ref for original 
(Filename: C:\buildslave\unity\build\Runtime/Export/Debug/Debug.bindings.h Line: 39)

Could not execute post-long-event action. Exception: System.InvalidOperationException: Sequence contains no elements
[Ref 36B7070D] Duplicate stacktrace, see ref for original 
(Filename: C:\buildslave\unity\build\Runtime/Export/Debug/Debug.bindings.h Line: 39)

Could not execute post-long-event action. Exception: System.InvalidOperationException: Sequence contains no elements
[Ref 36B7070D] Duplicate stacktrace, see ref for original 
(Filename: C:\buildslave\unity\build\Runtime/Export/Debug/Debug.bindings.h Line: 39)

Could not execute post-long-event action. Exception: System.InvalidOperationException: Sequence contains no elements
[Ref 36B7070D] Duplicate stacktrace, see ref for original 
(Filename: C:\buildslave\unity\build\Runtime/Export/Debug/Debug.bindings.h Line: 39)

Could not execute post-long-event action. Exception: System.InvalidOperationException: Sequence contains no elements
[Ref 36B7070D] Duplicate stacktrace, see ref for original 
(Filename: C:\buildslave\unity\build\Runtime/Export/Debug/Debug.bindings.h Line: 39)

Could not execute post-long-event action. Exception: System.InvalidOperationException: Sequence contains no elements
[Ref 36B7070D] Duplicate stacktrace, see ref for original 
(Filename: C:\buildslave\unity\build\Runtime/Export/Debug/Debug.bindings.h Line: 39)

Could not execute post-long-event action. Exception: System.InvalidOperationException: Sequence contains no elements
[Ref 36B7070D] Duplicate stacktrace, see ref for original 
(Filename: C:\buildslave\unity\build\Runtime/Export/Debug/Debug.bindings.h Line: 39)

Could not execute post-long-event action. Exception: System.InvalidOperationException: Sequence contains no elements
[Ref 36B7070D] Duplicate stacktrace, see ref for original 
(Filename: C:\buildslave\unity\build\Runtime/Export/Debug/Debug.bindings.h Line: 39)

Could not execute post-long-event action. Exception: System.InvalidOperationException: Sequence contains no elements
[Ref 36B7070D] Duplicate stacktrace, see ref for original 
(Filename: C:\buildslave\unity\build\Runtime/Export/Debug/Debug.bindings.h Line: 39)

Could not execute post-long-event action. Exception: System.InvalidOperationException: Sequence contains no elements
[Ref 36B7070D] Duplicate stacktrace, see ref for original 
(Filename: C:\buildslave\unity\build\Runtime/Export/Debug/Debug.bindings.h Line: 39)

Could not execute post-long-event action. Exception: System.InvalidOperationException: Sequence contains no elements
[Ref 36B7070D] Duplicate stacktrace, see ref for original 
(Filename: C:\buildslave\unity\build\Runtime/Export/Debug/Debug.bindings.h Line: 39)

Could not execute post-long-event action. Exception: System.InvalidOperationException: Sequence contains no elements
[Ref 36B7070D] Duplicate stacktrace, see ref for original 
(Filename: C:\buildslave\unity\build\Runtime/Export/Debug/Debug.bindings.h Line: 39)

Could not execute post-long-event action. Exception: System.InvalidOperationException: Sequence contains no elements
[Ref 36B7070D] Duplicate stacktrace, see ref for original 
(Filename: C:\buildslave\unity\build\Runtime/Export/Debug/Debug.bindings.h Line: 39)

Could not execute post-long-event action. Exception: System.InvalidOperationException: Sequence contains no elements
[Ref 36B7070D] Duplicate stacktrace, see ref for original 
(Filename: C:\buildslave\unity\build\Runtime/Export/Debug/Debug.bindings.h Line: 39)

Could not execute post-long-event action. Exception: System.InvalidOperationException: Sequence contains no elements
[Ref 36B7070D] Duplicate stacktrace, see ref for original 
(Filename: C:\buildslave\unity\build\Runtime/Export/Debug/Debug.bindings.h Line: 39)

Could not execute post-long-event action. Exception: System.InvalidOperationException: Sequence contains no elements
[Ref 36B7070D] Duplicate stacktrace, see ref for original 
(Filename: C:\buildslave\unity\build\Runtime/Export/Debug/Debug.bindings.h Line: 39)

Could not execute post-long-event action. Exception: System.InvalidOperationException: Sequence contains no elements
[Ref 36B7070D] Duplicate stacktrace, see ref for original 
(Filename: C:\buildslave\unity\build\Runtime/Export/Debug/Debug.bindings.h Line: 39)

Could not execute post-long-event action. Exception: System.InvalidOperationException: Sequence contains no elements
[Ref 36B7070D] Duplicate stacktrace, see ref for original 
(Filename: C:\buildslave\unity\build\Runtime/Export/Debug/Debug.bindings.h Line: 39)

Could not execute post-long-event action. Exception: System.InvalidOperationException: Sequence contains no elements
[Ref 36B7070D] Duplicate stacktrace, see ref for original 
(Filename: C:\buildslave\unity\build\Runtime/Export/Debug/Debug.bindings.h Line: 39)

Could not execute post-long-event action. Exception: System.InvalidOperationException: Sequence contains no elements
[Ref 36B7070D] Duplicate stacktrace, see ref for original 
(Filename: C:\buildslave\unity\build\Runtime/Export/Debug/Debug.bindings.h Line: 39)

Could not execute post-long-event action. Exception: System.InvalidOperationException: Sequence contains no elements
[Ref 36B7070D] Duplicate stacktrace, see ref for original 
(Filename: C:\buildslave\unity\build\Runtime/Export/Debug/Debug.bindings.h Line: 39)

Could not execute post-long-event action. Exception: System.InvalidOperationException: Sequence contains no elements
[Ref 36B7070D] Duplicate stacktrace, see ref for original 
(Filename: C:\buildslave\unity\build\Runtime/Export/Debug/Debug.bindings.h Line: 39)

Could not execute post-long-event action. Exception: System.InvalidOperationException: Sequence contains no elements
[Ref 36B7070D] Duplicate stacktrace, see ref for original 
(Filename: C:\buildslave\unity\build\Runtime/Export/Debug/Debug.bindings.h Line: 39)

Could not execute post-long-event action. Exception: System.InvalidOperationException: Sequence contains no elements
[Ref 36B7070D] Duplicate stacktrace, see ref for original 
(Filename: C:\buildslave\unity\build\Runtime/Export/Debug/Debug.bindings.h Line: 39)

Could not execute post-long-event action. Exception: System.InvalidOperationException: Sequence contains no elements
[Ref 36B7070D] Duplicate stacktrace, see ref for original 
(Filename: C:\buildslave\unity\build\Runtime/Export/Debug/Debug.bindings.h Line: 39)

Could not execute post-long-event action. Exception: System.InvalidOperationException: Sequence contains no elements
[Ref 36B7070D] Duplicate stacktrace, see ref for original 
(Filename: C:\buildslave\unity\build\Runtime/Export/Debug/Debug.bindings.h Line: 39)

Could not execute post-long-event action. Exception: System.InvalidOperationException: Sequence contains no elements
[Ref 36B7070D] Duplicate stacktrace, see ref for original 
(Filename: C:\buildslave\unity\build\Runtime/Export/Debug/Debug.bindings.h Line: 39)

Could not execute post-long-event action. Exception: System.InvalidOperationException: Sequence contains no elements
[Ref 36B7070D] Duplicate stacktrace, see ref for original 
(Filename: C:\buildslave\unity\build\Runtime/Export/Debug/Debug.bindings.h Line: 39)

Could not execute post-long-event action. Exception: System.InvalidOperationException: Sequence contains no elements
[Ref 36B7070D] Duplicate stacktrace, see ref for original 
(Filename: C:\buildslave\unity\build\Runtime/Export/Debug/Debug.bindings.h Line: 39)

Could not execute post-long-event action. Exception: System.InvalidOperationException: Sequence contains no elements
[Ref 36B7070D] Duplicate stacktrace, see ref for original 
(Filename: C:\buildslave\unity\build\Runtime/Export/Debug/Debug.bindings.h Line: 39)

Could not execute post-long-event action. Exception: System.InvalidOperationException: Sequence contains no elements
[Ref 36B7070D] Duplicate stacktrace, see ref for original 
(Filename: C:\buildslave\unity\build\Runtime/Export/Debug/Debug.bindings.h Line: 39)

Could not execute post-long-event action. Exception: System.InvalidOperationException: Sequence contains no elements
[Ref 36B7070D] Duplicate stacktrace, see ref for original 
(Filename: C:\buildslave\unity\build\Runtime/Export/Debug/Debug.bindings.h Line: 39)

Could not execute post-long-event action. Exception: System.InvalidOperationException: Sequence contains no elements
[Ref 36B7070D] Duplicate stacktrace, see ref for original 
(Filename: C:\buildslave\unity\build\Runtime/Export/Debug/Debug.bindings.h Line: 39)

Could not execute post-long-event action. Exception: System.InvalidOperationException: Sequence contains no elements
[Ref 36B7070D] Duplicate stacktrace, see ref for original 
(Filename: C:\buildslave\unity\build\Runtime/Export/Debug/Debug.bindings.h Line: 39)

Could not execute post-long-event action. Exception: System.InvalidOperationException: Sequence contains no elements
[Ref 36B7070D] Duplicate stacktrace, see ref for original 
(Filename: C:\buildslave\unity\build\Runtime/Export/Debug/Debug.bindings.h Line: 39)

Could not execute post-long-event action. Exception: System.InvalidOperationException: Sequence contains no elements
[Ref 36B7070D] Duplicate stacktrace, see ref for original 
(Filename: C:\buildslave\unity\build\Runtime/Export/Debug/Debug.bindings.h Line: 39)

Could not execute post-long-event action. Exception: System.InvalidOperationException: Sequence contains no elements
[Ref 36B7070D] Duplicate stacktrace, see ref for original 
(Filename: C:\buildslave\unity\build\Runtime/Export/Debug/Debug.bindings.h Line: 39)

Could not load UnityEngine.Texture2D at Things/Projectile/BlightGas in any active mod or in base resources. 
(Filename: C:\buildslave\unity\build\Runtime/Export/Debug/Debug.bindings.h Line: 39)

Could not load UnityEngine.Texture2D at Things/Filth/BlightSlime in any active mod or in base resources. 
(Filename: C:\buildslave\unity\build\Runtime/Export/Debug/Debug.bindings.h Line: 39)

Could not execute post-long-event action. Exception: System.NullReferenceException: Object reference not set to an instance of an object
[Ref 412AD6A4]
 at Verse.GlobalTextureAtlasManager.TryInsertStatic (Verse.TextureAtlasGroup group, UnityEngine.Texture2D texture, UnityEngine.Texture2D mask) [0x00000] in <630e2863bc9a4a3493f2eff01e3a9556>:0 
 at Verse.Graphic_Single.TryInsertIntoAtlas (Verse.TextureAtlasGroup groupKey) [0x00036] in <630e2863bc9a4a3493f2eff01e3a9556>:0 
 at Verse.ThingDef.<PostLoad>b__379_0 () [0x00043] in <630e2863bc9a4a3493f2eff01e3a9556>:0 
 at Verse.LongEventHandler.ExecuteToExecuteWhenFinished () [0x0007c] in <630e2863bc9a4a3493f2eff01e3a9556>:0  
(Filename: C:\buildslave\unity\build\Runtime/Export/Debug/Debug.bindings.h Line: 39)

Could not load UnityEngine.Texture2D at Things/Item/BlightSlimePack in any active mod or in base resources. 
(Filename: C:\buildslave\unity\build\Runtime/Export/Debug/Debug.bindings.h Line: 39)

Could not execute post-long-event action. Exception: System.NullReferenceException: Object reference not set to an instance of an object
[Ref 412AD6A4] Duplicate stacktrace, see ref for original 
(Filename: C:\buildslave\unity\build\Runtime/Export/Debug/Debug.bindings.h Line: 39)

Collection cannot init: No textures found at path Things/Item/BlightCells 
(Filename: C:\buildslave\unity\build\Runtime/Export/Debug/Debug.bindings.h Line: 39)

Collection cannot init: No textures found at path Things/Item/BlightResistantAdditive 
(Filename: C:\buildslave\unity\build\Runtime/Export/Debug/Debug.bindings.h Line: 39)

Could not load UnityEngine.Texture2D at Things/Item/BlightCleanseSerum_Herbal in any active mod or in base resources. 
(Filename: C:\buildslave\unity\build\Runtime/Export/Debug/Debug.bindings.h Line: 39)

Could not execute post-long-event action. Exception: System.NullReferenceException: Object reference not set to an instance of an object
[Ref 412AD6A4] Duplicate stacktrace, see ref for original 
(Filename: C:\buildslave\unity\build\Runtime/Export/Debug/Debug.bindings.h Line: 39)

Could not load UnityEngine.Texture2D at Things/Item/BlightCleanseSerum_Industrial in any active mod or in base resources. 
(Filename: C:\buildslave\unity\build\Runtime/Export/Debug/Debug.bindings.h Line: 39)

Could not execute post-long-event action. Exception: System.NullReferenceException: Object reference not set to an instance of an object
[Ref 412AD6A4] Duplicate stacktrace, see ref for original 
(Filename: C:\buildslave\unity\build\Runtime/Export/Debug/Debug.bindings.h Line: 39)

Could not load UnityEngine.Texture2D at Things/Item/BlightCleanseSerum_Glitter in any active mod or in base resources. 
(Filename: C:\buildslave\unity\build\Runtime/Export/Debug/Debug.bindings.h Line: 39)

Could not execute post-long-event action. Exception: System.NullReferenceException: Object reference not set to an instance of an object
[Ref 412AD6A4] Duplicate stacktrace, see ref for original 
(Filename: C:\buildslave\unity\build\Runtime/Export/Debug/Debug.bindings.h Line: 39)

Could not load UnityEngine.Texture2D at Things/Item/Equipment/BlightGasGrenade in any active mod or in base resources. 
(Filename: C:\buildslave\unity\build\Runtime/Export/Debug/Debug.bindings.h Line: 39)

Could not load UnityEngine.Texture2D at Things/Projectile/MortarShell_Blight in any active mod or in base resources. 
(Filename: C:\buildslave\unity\build\Runtime/Export/Debug/Debug.bindings.h Line: 39)

Could not load UnityEngine.Texture2D at Things/Item/Shell/BlightArtilleryShell in any active mod or in base resources. 
(Filename: C:\buildslave\unity\build\Runtime/Export/Debug/Debug.bindings.h Line: 39)

Could not load UnityEngine.Texture2D at Things/Building/Trap/BlightTrap in any active mod or in base resources. 
(Filename: C:\buildslave\unity\build\Runtime/Export/Debug/Debug.bindings.h Line: 39)

Could not execute post-long-event action. Exception: System.InvalidOperationException: Sequence contains no elements
[Ref 36B7070D] Duplicate stacktrace, see ref for original 
(Filename: C:\buildslave\unity\build\Runtime/Export/Debug/Debug.bindings.h Line: 39)

Could not execute post-long-event action. Exception: System.InvalidOperationException: Sequence contains no elements
[Ref 36B7070D] Duplicate stacktrace, see ref for original 
(Filename: C:\buildslave\unity\build\Runtime/Export/Debug/Debug.bindings.h Line: 39)

Could not execute post-long-event action. Exception: System.InvalidOperationException: Sequence contains no elements
[Ref 36B7070D] Duplicate stacktrace, see ref for original 
(Filename: C:\buildslave\unity\build\Runtime/Export/Debug/Debug.bindings.h Line: 39)

Could not execute post-long-event action. Exception: System.InvalidOperationException: Sequence contains no elements
[Ref 36B7070D] Duplicate stacktrace, see ref for original 
(Filename: C:\buildslave\unity\build\Runtime/Export/Debug/Debug.bindings.h Line: 39)

Could not execute post-long-event action. Exception: System.InvalidOperationException: Sequence contains no elements
[Ref 36B7070D] Duplicate stacktrace, see ref for original 
(Filename: C:\buildslave\unity\build\Runtime/Export/Debug/Debug.bindings.h Line: 39)

Could not execute post-long-event action. Exception: System.InvalidOperationException: Sequence contains no elements
[Ref 36B7070D] Duplicate stacktrace, see ref for original 
(Filename: C:\buildslave\unity\build\Runtime/Export/Debug/Debug.bindings.h Line: 39)

Could not execute post-long-event action. Exception: System.InvalidOperationException: Sequence contains no elements
[Ref 36B7070D] Duplicate stacktrace, see ref for original 
(Filename: C:\buildslave\unity\build\Runtime/Export/Debug/Debug.bindings.h Line: 39)

Could not execute post-long-event action. Exception: System.InvalidOperationException: Sequence contains no elements
[Ref 36B7070D] Duplicate stacktrace, see ref for original 
(Filename: C:\buildslave\unity\build\Runtime/Export/Debug/Debug.bindings.h Line: 39)

Could not execute post-long-event action. Exception: System.InvalidOperationException: Sequence contains no elements
[Ref 36B7070D] Duplicate stacktrace, see ref for original 
(Filename: C:\buildslave\unity\build\Runtime/Export/Debug/Debug.bindings.h Line: 39)

Could not execute post-long-event action. Exception: System.InvalidOperationException: Sequence contains no elements
[Ref 36B7070D] Duplicate stacktrace, see ref for original 
(Filename: C:\buildslave\unity\build\Runtime/Export/Debug/Debug.bindings.h Line: 39)

Could not execute post-long-event action. Exception: System.InvalidOperationException: Sequence contains no elements
[Ref 36B7070D] Duplicate stacktrace, see ref for original 
(Filename: C:\buildslave\unity\build\Runtime/Export/Debug/Debug.bindings.h Line: 39)

Could not execute post-long-event action. Exception: System.InvalidOperationException: Sequence contains no elements
[Ref 36B7070D] Duplicate stacktrace, see ref for original 
(Filename: C:\buildslave\unity\build\Runtime/Export/Debug/Debug.bindings.h Line: 39)

Could not execute post-long-event action. Exception: System.InvalidOperationException: Sequence contains no elements
[Ref 36B7070D] Duplicate stacktrace, see ref for original 
(Filename: C:\buildslave\unity\build\Runtime/Export/Debug/Debug.bindings.h Line: 39)

Could not execute post-long-event action. Exception: System.InvalidOperationException: Sequence contains no elements
[Ref 36B7070D] Duplicate stacktrace, see ref for original 
(Filename: C:\buildslave\unity\build\Runtime/Export/Debug/Debug.bindings.h Line: 39)

Could not execute post-long-event action. Exception: System.InvalidOperationException: Sequence contains no elements
[Ref 36B7070D] Duplicate stacktrace, see ref for original 
(Filename: C:\buildslave\unity\build\Runtime/Export/Debug/Debug.bindings.h Line: 39)

Could not execute post-long-event action. Exception: System.InvalidOperationException: Sequence contains no elements
[Ref 36B7070D] Duplicate stacktrace, see ref for original 
(Filename: C:\buildslave\unity\build\Runtime/Export/Debug/Debug.bindings.h Line: 39)

Could not execute post-long-event action. Exception: System.InvalidOperationException: Sequence contains no elements
[Ref 36B7070D] Duplicate stacktrace, see ref for original 
(Filename: C:\buildslave\unity\build\Runtime/Export/Debug/Debug.bindings.h Line: 39)

Could not execute post-long-event action. Exception: System.InvalidOperationException: Sequence contains no elements
[Ref 36B7070D] Duplicate stacktrace, see ref for original 
(Filename: C:\buildslave\unity\build\Runtime/Export/Debug/Debug.bindings.h Line: 39)

Could not execute post-long-event action. Exception: System.InvalidOperationException: Sequence contains no elements
[Ref 36B7070D] Duplicate stacktrace, see ref for original 
(Filename: C:\buildslave\unity\build\Runtime/Export/Debug/Debug.bindings.h Line: 39)

Could not execute post-long-event action. Exception: System.InvalidOperationException: Sequence contains no elements
[Ref 36B7070D] Duplicate stacktrace, see ref for original 
(Filename: C:\buildslave\unity\build\Runtime/Export/Debug/Debug.bindings.h Line: 39)

Could not execute post-long-event action. Exception: System.InvalidOperationException: Sequence contains no elements
[Ref 36B7070D] Duplicate stacktrace, see ref for original 
(Filename: C:\buildslave\unity\build\Runtime/Export/Debug/Debug.bindings.h Line: 39)

Could not execute post-long-event action. Exception: System.InvalidOperationException: Sequence contains no elements
[Ref 36B7070D] Duplicate stacktrace, see ref for original 
(Filename: C:\buildslave\unity\build\Runtime/Export/Debug/Debug.bindings.h Line: 39)

Could not execute post-long-event action. Exception: System.InvalidOperationException: Sequence contains no elements
[Ref 36B7070D] Duplicate stacktrace, see ref for original 
(Filename: C:\buildslave\unity\build\Runtime/Export/Debug/Debug.bindings.h Line: 39)

Could not execute post-long-event action. Exception: System.InvalidOperationException: Sequence contains no elements
[Ref 36B7070D] Duplicate stacktrace, see ref for original 
(Filename: C:\buildslave\unity\build\Runtime/Export/Debug/Debug.bindings.h Line: 39)

Could not execute post-long-event action. Exception: System.InvalidOperationException: Sequence contains no elements
[Ref 36B7070D] Duplicate stacktrace, see ref for original 
(Filename: C:\buildslave\unity\build\Runtime/Export/Debug/Debug.bindings.h Line: 39)

Could not execute post-long-event action. Exception: System.InvalidOperationException: Sequence contains no elements
[Ref 36B7070D] Duplicate stacktrace, see ref for original 
(Filename: C:\buildslave\unity\build\Runtime/Export/Debug/Debug.bindings.h Line: 39)

Could not execute post-long-event action. Exception: System.InvalidOperationException: Sequence contains no elements
[Ref 36B7070D] Duplicate stacktrace, see ref for original 
(Filename: C:\buildslave\unity\build\Runtime/Export/Debug/Debug.bindings.h Line: 39)

Could not execute post-long-event action. Exception: System.InvalidOperationException: Sequence contains no elements
[Ref 36B7070D] Duplicate stacktrace, see ref for original 
(Filename: C:\buildslave\unity\build\Runtime/Export/Debug/Debug.bindings.h Line: 39)

Could not execute post-long-event action. Exception: System.InvalidOperationException: Sequence contains no elements
[Ref 36B7070D] Duplicate stacktrace, see ref for original 
(Filename: C:\buildslave\unity\build\Runtime/Export/Debug/Debug.bindings.h Line: 39)

Could not execute post-long-event action. Exception: System.InvalidOperationException: Sequence contains no elements
[Ref 36B7070D] Duplicate stacktrace, see ref for original 
(Filename: C:\buildslave\unity\build\Runtime/Export/Debug/Debug.bindings.h Line: 39)

Could not execute post-long-event action. Exception: System.InvalidOperationException: Sequence contains no elements
[Ref 36B7070D] Duplicate stacktrace, see ref for original 
(Filename: C:\buildslave\unity\build\Runtime/Export/Debug/Debug.bindings.h Line: 39)

Could not execute post-long-event action. Exception: System.InvalidOperationException: Sequence contains no elements
[Ref 36B7070D] Duplicate stacktrace, see ref for original 
(Filename: C:\buildslave\unity\build\Runtime/Export/Debug/Debug.bindings.h Line: 39)

Could not execute post-long-event action. Exception: System.InvalidOperationException: Sequence contains no elements
[Ref 36B7070D] Duplicate stacktrace, see ref for original 
(Filename: C:\buildslave\unity\build\Runtime/Export/Debug/Debug.bindings.h Line: 39)

Could not execute post-long-event action. Exception: System.InvalidOperationException: Sequence contains no elements
[Ref 36B7070D] Duplicate stacktrace, see ref for original 
(Filename: C:\buildslave\unity\build\Runtime/Export/Debug/Debug.bindings.h Line: 39)

Could not execute post-long-event action. Exception: System.InvalidOperationException: Sequence contains no elements
[Ref 36B7070D] Duplicate stacktrace, see ref for original 
(Filename: C:\buildslave\unity\build\Runtime/Export/Debug/Debug.bindings.h Line: 39)

Could not execute post-long-event action. Exception: System.InvalidOperationException: Sequence contains no elements
[Ref 36B7070D] Duplicate stacktrace, see ref for original 
(Filename: C:\buildslave\unity\build\Runtime/Export/Debug/Debug.bindings.h Line: 39)

Could not execute post-long-event action. Exception: System.InvalidOperationException: Sequence contains no elements
[Ref 36B7070D] Duplicate stacktrace, see ref for original 
(Filename: C:\buildslave\unity\build\Runtime/Export/Debug/Debug.bindings.h Line: 39)

Could not execute post-long-event action. Exception: System.InvalidOperationException: Sequence contains no elements
[Ref 36B7070D] Duplicate stacktrace, see ref for original 
(Filename: C:\buildslave\unity\build\Runtime/Export/Debug/Debug.bindings.h Line: 39)

Could not execute post-long-event action. Exception: System.InvalidOperationException: Sequence contains no elements
[Ref 36B7070D] Duplicate stacktrace, see ref for original 
(Filename: C:\buildslave\unity\build\Runtime/Export/Debug/Debug.bindings.h Line: 39)

Could not execute post-long-event action. Exception: System.InvalidOperationException: Sequence contains no elements
[Ref 36B7070D] Duplicate stacktrace, see ref for original 
(Filename: C:\buildslave\unity\build\Runtime/Export/Debug/Debug.bindings.h Line: 39)

Could not execute post-long-event action. Exception: System.InvalidOperationException: Sequence contains no elements
[Ref 36B7070D] Duplicate stacktrace, see ref for original 
(Filename: C:\buildslave\unity\build\Runtime/Export/Debug/Debug.bindings.h Line: 39)

Could not execute post-long-event action. Exception: System.InvalidOperationException: Sequence contains no elements
[Ref 36B7070D] Duplicate stacktrace, see ref for original 
(Filename: C:\buildslave\unity\build\Runtime/Export/Debug/Debug.bindings.h Line: 39)

Could not execute post-long-event action. Exception: System.InvalidOperationException: Sequence contains no elements
[Ref 36B7070D] Duplicate stacktrace, see ref for original 
(Filename: C:\buildslave\unity\build\Runtime/Export/Debug/Debug.bindings.h Line: 39)

Could not execute post-long-event action. Exception: System.InvalidOperationException: Sequence contains no elements
[Ref 36B7070D] Duplicate stacktrace, see ref for original 
(Filename: C:\buildslave\unity\build\Runtime/Export/Debug/Debug.bindings.h Line: 39)

Could not execute post-long-event action. Exception: System.InvalidOperationException: Sequence contains no elements
[Ref 36B7070D] Duplicate stacktrace, see ref for original 
(Filename: C:\buildslave\unity\build\Runtime/Export/Debug/Debug.bindings.h Line: 39)

Could not execute post-long-event action. Exception: System.InvalidOperationException: Sequence contains no elements
[Ref 36B7070D] Duplicate stacktrace, see ref for original 
(Filename: C:\buildslave\unity\build\Runtime/Export/Debug/Debug.bindings.h Line: 39)

Could not execute post-long-event action. Exception: System.InvalidOperationException: Sequence contains no elements
[Ref 36B7070D] Duplicate stacktrace, see ref for original 
(Filename: C:\buildslave\unity\build\Runtime/Export/Debug/Debug.bindings.h Line: 39)

Could not execute post-long-event action. Exception: System.InvalidOperationException: Sequence contains no elements
[Ref 36B7070D] Duplicate stacktrace, see ref for original 
(Filename: C:\buildslave\unity\build\Runtime/Export/Debug/Debug.bindings.h Line: 39)

Could not execute post-long-event action. Exception: System.InvalidOperationException: Sequence contains no elements
[Ref 36B7070D] Duplicate stacktrace, see ref for original 
(Filename: C:\buildslave\unity\build\Runtime/Export/Debug/Debug.bindings.h Line: 39)

Could not execute post-long-event action. Exception: System.InvalidOperationException: Sequence contains no elements
[Ref 36B7070D] Duplicate stacktrace, see ref for original 
(Filename: C:\buildslave\unity\build\Runtime/Export/Debug/Debug.bindings.h Line: 39)

Could not execute post-long-event action. Exception: System.InvalidOperationException: Sequence contains no elements
[Ref 36B7070D] Duplicate stacktrace, see ref for original 
(Filename: C:\buildslave\unity\build\Runtime/Export/Debug/Debug.bindings.h Line: 39)

Could not execute post-long-event action. Exception: System.InvalidOperationException: Sequence contains no elements
[Ref 36B7070D] Duplicate stacktrace, see ref for original 
(Filename: C:\buildslave\unity\build\Runtime/Export/Debug/Debug.bindings.h Line: 39)

Could not execute post-long-event action. Exception: System.InvalidOperationException: Sequence contains no elements
[Ref 36B7070D] Duplicate stacktrace, see ref for original 
(Filename: C:\buildslave\unity\build\Runtime/Export/Debug/Debug.bindings.h Line: 39)

Could not execute post-long-event action. Exception: System.InvalidOperationException: Sequence contains no elements
[Ref 36B7070D] Duplicate stacktrace, see ref for original 
(Filename: C:\buildslave\unity\build\Runtime/Export/Debug/Debug.bindings.h Line: 39)

Could not execute post-long-event action. Exception: System.InvalidOperationException: Sequence contains no elements
[Ref 36B7070D] Duplicate stacktrace, see ref for original 
(Filename: C:\buildslave\unity\build\Runtime/Export/Debug/Debug.bindings.h Line: 39)

Could not execute post-long-event action. Exception: System.InvalidOperationException: Sequence contains no elements
[Ref 36B7070D] Duplicate stacktrace, see ref for original 
(Filename: C:\buildslave\unity\build\Runtime/Export/Debug/Debug.bindings.h Line: 39)

Could not execute post-long-event action. Exception: System.InvalidOperationException: Sequence contains no elements
[Ref 36B7070D] Duplicate stacktrace, see ref for original 
(Filename: C:\buildslave\unity\build\Runtime/Export/Debug/Debug.bindings.h Line: 39)

Setting up 1 worker threads for Enlighten.
  Thread -> id: 2d88 -> priority: 1 
